<?xml version="1.0" encoding="UTF-8"?>
<testng-results skipped="0" failed="0" ignored="0" total="1" passed="1">
  <reporter-output>
  </reporter-output>
  <suite name="Default suite" duration-ms="23731" started-at="2018-04-15T05:50:40Z" finished-at="2018-04-15T05:51:04Z">
    <groups>
    </groups>
    <test name="Default test" duration-ms="23731" started-at="2018-04-15T05:50:40Z" finished-at="2018-04-15T05:51:04Z">
      <class name="sampleGITTest.sampleGitTest">
        <test-method status="PASS" signature="logintest()[pri:0, instance:sampleGITTest.sampleGitTest@58c1670b]" name="logintest" duration-ms="23623" started-at="2018-04-15T05:50:41Z" finished-at="2018-04-15T05:51:04Z">
          <reporter-output>
          </reporter-output>
        </test-method> <!-- logintest -->
      </class> <!-- sampleGITTest.sampleGitTest -->
    </test> <!-- Default test -->
  </suite> <!-- Default suite -->
</testng-results>
